

*******************************************************************************
Sat May 14 01:03:20 2022


FIT:    data read from "QRGS_timing.txt" index 0 using 1:2
        format = x:z
        #datapoints = 100
        residuals are weighted equally (unit weight)

function used for fitting: f
fitted parameters initialized with current variable values



*******************************************************************************
Sat May 14 01:07:33 2022


FIT:    data read from "QRGS_timing.txt" using 1:2
        format = x:z
        #datapoints = 100
        residuals are weighted equally (unit weight)

function used for fitting: f(x)
	f(x) = a*x*x*x+b
fitted parameters initialized with current variable values

iter      chisq       delta/lim  lambda   a             b            
   0 2.3105111774e+17   0.00e+00  3.40e+07    1.000000e+00   1.000000e+00
   4 5.4699039606e+07  -3.40e-03  3.40e+03    1.163834e-04   9.999713e-01

After 4 iterations the fit converged.
final sum of squares of residuals : 5.4699e+07
rel. change during last iteration : -3.40142e-08

degrees of freedom    (FIT_NDF)                        : 98
rms of residuals      (FIT_STDFIT) = sqrt(WSSR/ndf)    : 747.097
variance of residuals (reduced chisquare) = WSSR/ndf   : 558153

Final set of parameters            Asymptotic Standard Error
=======================            ==========================
a               = 0.000116383      +/- 2.076e-06    (1.784%)
b               = 0.999971         +/- 99.81        (9981%)

correlation matrix of the fit parameters:
                a      b      
a               1.000 
b              -0.663  1.000 


*******************************************************************************
Sat May 14 01:08:51 2022


FIT:    data read from "QRGS_timing.txt" using 1:2
        format = x:z
        #datapoints = 100
        residuals are weighted equally (unit weight)

function used for fitting: f(x)
	f(x) = a*x*x*x+b
fitted parameters initialized with current variable values

iter      chisq       delta/lim  lambda   a             b            
   0 2.3105111774e+17   0.00e+00  3.40e+07    1.000000e+00   1.000000e+00
   4 5.4699039606e+07  -3.40e-03  3.40e+03    1.163834e-04   9.999713e-01

After 4 iterations the fit converged.
final sum of squares of residuals : 5.4699e+07
rel. change during last iteration : -3.40142e-08

degrees of freedom    (FIT_NDF)                        : 98
rms of residuals      (FIT_STDFIT) = sqrt(WSSR/ndf)    : 747.097
variance of residuals (reduced chisquare) = WSSR/ndf   : 558153

Final set of parameters            Asymptotic Standard Error
=======================            ==========================
a               = 0.000116383      +/- 2.076e-06    (1.784%)
b               = 0.999971         +/- 99.81        (9981%)

correlation matrix of the fit parameters:
                a      b      
a               1.000 
b              -0.663  1.000 


*******************************************************************************
Sat May 14 01:09:27 2022


FIT:    data read from "QRGS_timing.txt" using 1:2
        format = x:z
        #datapoints = 100
        residuals are weighted equally (unit weight)

function used for fitting: f(x)
	f(x) = a*x*x*x
fitted parameters initialized with current variable values

iter      chisq       delta/lim  lambda   a            
   0 2.3105111137e+17   0.00e+00  4.81e+07    1.000000e+00
   4 5.4633524572e+07  -4.36e-10  4.81e+03    1.163972e-04

After 4 iterations the fit converged.
final sum of squares of residuals : 5.46335e+07
rel. change during last iteration : -4.36396e-15

degrees of freedom    (FIT_NDF)                        : 99
rms of residuals      (FIT_STDFIT) = sqrt(WSSR/ndf)    : 742.869
variance of residuals (reduced chisquare) = WSSR/ndf   : 551854

Final set of parameters            Asymptotic Standard Error
=======================            ==========================
a               = 0.000116397      +/- 1.545e-06    (1.328%)


*******************************************************************************
Sat May 14 01:09:59 2022


FIT:    data read from "QRGS_timing.txt" using 1:2
        format = x:z
        #datapoints = 100
        residuals are weighted equally (unit weight)

function used for fitting: f(x)
	f(x) = a*x*x*x*x
fitted parameters initialized with current variable values

iter      chisq       delta/lim  lambda   a            
   0 4.5381918575e+22   0.00e+00  2.13e+10    1.000000e+00
   4 1.7921874718e+05  -2.48e-02  2.13e+06    2.649413e-07

After 4 iterations the fit converged.
final sum of squares of residuals : 179219
rel. change during last iteration : -2.48181e-07

degrees of freedom    (FIT_NDF)                        : 99
rms of residuals      (FIT_STDFIT) = sqrt(WSSR/ndf)    : 42.5475
variance of residuals (reduced chisquare) = WSSR/ndf   : 1810.29

Final set of parameters            Asymptotic Standard Error
=======================            ==========================
a               = 2.64941e-07      +/- 1.997e-10    (0.07538%)


*******************************************************************************
Sat May 14 01:12:30 2022


FIT:    data read from "QRGS_timing.txt" using 1:2
        format = x:z
        #datapoints = 100
        residuals are weighted equally (unit weight)

function used for fitting: f(x)
	f(x) = a*x*x*x*x
fitted parameters initialized with current variable values

iter      chisq       delta/lim  lambda   a            
   0 4.5381941531e+22   0.00e+00  2.13e+10    1.000000e+00
   4 9.0478461579e+04  -4.92e-02  2.13e+06    1.201627e-08

After 4 iterations the fit converged.
final sum of squares of residuals : 90478.5
rel. change during last iteration : -4.91595e-07

degrees of freedom    (FIT_NDF)                        : 99
rms of residuals      (FIT_STDFIT) = sqrt(WSSR/ndf)    : 30.2312
variance of residuals (reduced chisquare) = WSSR/ndf   : 913.924

Final set of parameters            Asymptotic Standard Error
=======================            ==========================
a               = 1.20163e-08      +/- 1.419e-10    (1.181%)


*******************************************************************************
Sat May 14 01:13:35 2022


FIT:    data read from "QRGS_timing.txt" using 1:2
        format = x:z
        #datapoints = 100
        residuals are weighted equally (unit weight)

function used for fitting: f(x)
	f(x) = a*x*x*x
fitted parameters initialized with current variable values

iter      chisq       delta/lim  lambda   a            
   0 2.3110243265e+17   0.00e+00  4.81e+07    1.000000e+00
   4 1.4241564242e+04  -1.59e-06  4.81e+03    5.355727e-06

After 4 iterations the fit converged.
final sum of squares of residuals : 14241.6
rel. change during last iteration : -1.59047e-11

degrees of freedom    (FIT_NDF)                        : 99
rms of residuals      (FIT_STDFIT) = sqrt(WSSR/ndf)    : 11.9939
variance of residuals (reduced chisquare) = WSSR/ndf   : 143.854

Final set of parameters            Asymptotic Standard Error
=======================            ==========================
a               = 5.35573e-06      +/- 2.495e-08    (0.4658%)


*******************************************************************************
Sat May 14 01:15:23 2022


FIT:    data read from "QRGS_timing.txt" using 1:2
        format = x:z
        #datapoints = 100
        residuals are weighted equally (unit weight)

function used for fitting: f(x)
	f(x) = a*x*x*x
fitted parameters initialized with current variable values

iter      chisq       delta/lim  lambda   a            
   0 2.3110248199e+17   0.00e+00  4.81e+07    1.000000e+00
   4 7.6857258808e+03  -2.95e-06  4.81e+03    5.248962e-06

After 4 iterations the fit converged.
final sum of squares of residuals : 7685.73
rel. change during last iteration : -2.94678e-11

degrees of freedom    (FIT_NDF)                        : 99
rms of residuals      (FIT_STDFIT) = sqrt(WSSR/ndf)    : 8.81099
variance of residuals (reduced chisquare) = WSSR/ndf   : 77.6336

Final set of parameters            Asymptotic Standard Error
=======================            ==========================
a               = 5.24896e-06      +/- 1.833e-08    (0.3492%)


*******************************************************************************
Sat May 14 01:17:01 2022


FIT:    data read from "QRGS_timing.txt" using 1:2
        format = x:z
        #datapoints = 100
        residuals are weighted equally (unit weight)

function used for fitting: f(x)
	f(x) = a*x*x*x
fitted parameters initialized with current variable values

iter      chisq       delta/lim  lambda   a            
   0 2.3110248199e+17   0.00e+00  4.81e+07    1.000000e+00
   4 7.6857258808e+03  -2.95e-06  4.81e+03    5.248962e-06

After 4 iterations the fit converged.
final sum of squares of residuals : 7685.73
rel. change during last iteration : -2.94678e-11

degrees of freedom    (FIT_NDF)                        : 99
rms of residuals      (FIT_STDFIT) = sqrt(WSSR/ndf)    : 8.81099
variance of residuals (reduced chisquare) = WSSR/ndf   : 77.6336

Final set of parameters            Asymptotic Standard Error
=======================            ==========================
a               = 5.24896e-06      +/- 1.833e-08    (0.3492%)


*******************************************************************************
Sat May 14 01:17:45 2022


FIT:    data read from "QRGS_timing.txt" using 1:2
        format = x:z
        #datapoints = 100
        residuals are weighted equally (unit weight)

function used for fitting: f(x)
	f(x) = a*x*x*x
fitted parameters initialized with current variable values

iter      chisq       delta/lim  lambda   a            
   0 2.3110247401e+17   0.00e+00  4.81e+07    1.000000e+00
   4 1.1747295571e+04  -1.93e-06  4.81e+03    5.266239e-06

After 4 iterations the fit converged.
final sum of squares of residuals : 11747.3
rel. change during last iteration : -1.92808e-11

degrees of freedom    (FIT_NDF)                        : 99
rms of residuals      (FIT_STDFIT) = sqrt(WSSR/ndf)    : 10.8931
variance of residuals (reduced chisquare) = WSSR/ndf   : 118.66

Final set of parameters            Asymptotic Standard Error
=======================            ==========================
a               = 5.26624e-06      +/- 2.266e-08    (0.4303%)


*******************************************************************************
Sat May 14 01:18:54 2022


FIT:    data read from "QRGS_timing.txt" using 1:2
        format = x:z
        #datapoints = 100
        residuals are weighted equally (unit weight)

function used for fitting: f(x)
	f(x) = a*x*x*x
fitted parameters initialized with current variable values

iter      chisq       delta/lim  lambda   a            
   0 2.3110250332e+17   0.00e+00  4.81e+07    1.000000e+00
   4 7.9810952431e+03  -2.84e-06  4.81e+03    5.202833e-06

After 4 iterations the fit converged.
final sum of squares of residuals : 7981.1
rel. change during last iteration : -2.83812e-11

degrees of freedom    (FIT_NDF)                        : 99
rms of residuals      (FIT_STDFIT) = sqrt(WSSR/ndf)    : 8.9787
variance of residuals (reduced chisquare) = WSSR/ndf   : 80.6171

Final set of parameters            Asymptotic Standard Error
=======================            ==========================
a               = 5.20283e-06      +/- 1.868e-08    (0.359%)


*******************************************************************************
Sat May 14 03:18:28 2022


FIT:    data read from "QRGS_timing.txt" using 1:2
        format = x:z
        #datapoints = 100
        residuals are weighted equally (unit weight)

function used for fitting: f(x)
	f(x) = a*x*x*x
fitted parameters initialized with current variable values

iter      chisq       delta/lim  lambda   a            
   0 2.3110250332e+17   0.00e+00  4.81e+07    1.000000e+00
   4 7.9810952431e+03  -2.84e-06  4.81e+03    5.202833e-06

After 4 iterations the fit converged.
final sum of squares of residuals : 7981.1
rel. change during last iteration : -2.83812e-11

degrees of freedom    (FIT_NDF)                        : 99
rms of residuals      (FIT_STDFIT) = sqrt(WSSR/ndf)    : 8.9787
variance of residuals (reduced chisquare) = WSSR/ndf   : 80.6171

Final set of parameters            Asymptotic Standard Error
=======================            ==========================
a               = 5.20283e-06      +/- 1.868e-08    (0.359%)


*******************************************************************************
Sat May 14 03:19:08 2022


FIT:    data read from "QRGS_timing.txt" using 1:2
        format = x:z
        #datapoints = 100
        residuals are weighted equally (unit weight)

function used for fitting: f(x)
	f(x) = a*x*x*x
fitted parameters initialized with current variable values

iter      chisq       delta/lim  lambda   a            
   0 2.3110250332e+17   0.00e+00  4.81e+07    1.000000e+00
   4 7.9810952431e+03  -2.84e-06  4.81e+03    5.202833e-06

After 4 iterations the fit converged.
final sum of squares of residuals : 7981.1
rel. change during last iteration : -2.83812e-11

degrees of freedom    (FIT_NDF)                        : 99
rms of residuals      (FIT_STDFIT) = sqrt(WSSR/ndf)    : 8.9787
variance of residuals (reduced chisquare) = WSSR/ndf   : 80.6171

Final set of parameters            Asymptotic Standard Error
=======================            ==========================
a               = 5.20283e-06      +/- 1.868e-08    (0.359%)


*******************************************************************************
Sat May 14 03:19:50 2022


FIT:    data read from "QRGS_timing.txt" using 1:2
        format = x:z
        #datapoints = 100
        residuals are weighted equally (unit weight)

function used for fitting: f(x)
	f(x) = a*x*x*x
fitted parameters initialized with current variable values

iter      chisq       delta/lim  lambda   a            
   0 2.3110250332e+17   0.00e+00  4.81e+07    1.000000e+00
   4 7.9810952431e+03  -2.84e-06  4.81e+03    5.202833e-06

After 4 iterations the fit converged.
final sum of squares of residuals : 7981.1
rel. change during last iteration : -2.83812e-11

degrees of freedom    (FIT_NDF)                        : 99
rms of residuals      (FIT_STDFIT) = sqrt(WSSR/ndf)    : 8.9787
variance of residuals (reduced chisquare) = WSSR/ndf   : 80.6171

Final set of parameters            Asymptotic Standard Error
=======================            ==========================
a               = 5.20283e-06      +/- 1.868e-08    (0.359%)


*******************************************************************************
Sat May 14 03:20:03 2022


FIT:    data read from "QRGS_timing.txt" using 1:2
        format = x:z
        #datapoints = 100
        residuals are weighted equally (unit weight)

function used for fitting: f(x)
	f(x) = a*x*x*x
fitted parameters initialized with current variable values

iter      chisq       delta/lim  lambda   a            
   0 2.3110250332e+17   0.00e+00  4.81e+07    1.000000e+00
   4 7.9810952431e+03  -2.84e-06  4.81e+03    5.202833e-06

After 4 iterations the fit converged.
final sum of squares of residuals : 7981.1
rel. change during last iteration : -2.83812e-11

degrees of freedom    (FIT_NDF)                        : 99
rms of residuals      (FIT_STDFIT) = sqrt(WSSR/ndf)    : 8.9787
variance of residuals (reduced chisquare) = WSSR/ndf   : 80.6171

Final set of parameters            Asymptotic Standard Error
=======================            ==========================
a               = 5.20283e-06      +/- 1.868e-08    (0.359%)


*******************************************************************************
Sat May 14 03:20:27 2022


FIT:    data read from "QRGS_timing.txt" using 1:2
        format = x:z
        #datapoints = 100
        residuals are weighted equally (unit weight)

function used for fitting: f(x)
	f(x) = a*x*x*x
fitted parameters initialized with current variable values

iter      chisq       delta/lim  lambda   a            
   0 2.3110250332e+17   0.00e+00  4.81e+07    1.000000e+00
   4 7.9810952431e+03  -2.84e-06  4.81e+03    5.202833e-06

After 4 iterations the fit converged.
final sum of squares of residuals : 7981.1
rel. change during last iteration : -2.83812e-11

degrees of freedom    (FIT_NDF)                        : 99
rms of residuals      (FIT_STDFIT) = sqrt(WSSR/ndf)    : 8.9787
variance of residuals (reduced chisquare) = WSSR/ndf   : 80.6171

Final set of parameters            Asymptotic Standard Error
=======================            ==========================
a               = 5.20283e-06      +/- 1.868e-08    (0.359%)


*******************************************************************************
Sat May 14 03:20:54 2022


FIT:    data read from "QRGS_timing.txt" using 1:2
        format = x:z
        #datapoints = 100
        residuals are weighted equally (unit weight)

function used for fitting: f(x)
	f(x) = a*x*x*x
fitted parameters initialized with current variable values

iter      chisq       delta/lim  lambda   a            
   0 2.3110250332e+17   0.00e+00  4.81e+07    1.000000e+00
   4 7.9810952431e+03  -2.84e-06  4.81e+03    5.202833e-06

After 4 iterations the fit converged.
final sum of squares of residuals : 7981.1
rel. change during last iteration : -2.83812e-11

degrees of freedom    (FIT_NDF)                        : 99
rms of residuals      (FIT_STDFIT) = sqrt(WSSR/ndf)    : 8.9787
variance of residuals (reduced chisquare) = WSSR/ndf   : 80.6171

Final set of parameters            Asymptotic Standard Error
=======================            ==========================
a               = 5.20283e-06      +/- 1.868e-08    (0.359%)


*******************************************************************************
Sat May 14 03:21:12 2022


FIT:    data read from "QRGS_timing.txt" using 1:2
        format = x:z
        #datapoints = 100
        residuals are weighted equally (unit weight)

function used for fitting: f(x)
	f(x) = a*x*x*x
fitted parameters initialized with current variable values

iter      chisq       delta/lim  lambda   a            
   0 2.3110250332e+17   0.00e+00  4.81e+07    1.000000e+00
   4 7.9810952431e+03  -2.84e-06  4.81e+03    5.202833e-06

After 4 iterations the fit converged.
final sum of squares of residuals : 7981.1
rel. change during last iteration : -2.83812e-11

degrees of freedom    (FIT_NDF)                        : 99
rms of residuals      (FIT_STDFIT) = sqrt(WSSR/ndf)    : 8.9787
variance of residuals (reduced chisquare) = WSSR/ndf   : 80.6171

Final set of parameters            Asymptotic Standard Error
=======================            ==========================
a               = 5.20283e-06      +/- 1.868e-08    (0.359%)


*******************************************************************************
Sat May 14 03:21:27 2022


FIT:    data read from "QRGS_timing.txt" using 1:2
        format = x:z
        #datapoints = 100
        residuals are weighted equally (unit weight)

function used for fitting: f(x)
	f(x) = a*x*x*x
fitted parameters initialized with current variable values

iter      chisq       delta/lim  lambda   a            
   0 2.3110250332e+17   0.00e+00  4.81e+07    1.000000e+00
   4 7.9810952431e+03  -2.84e-06  4.81e+03    5.202833e-06

After 4 iterations the fit converged.
final sum of squares of residuals : 7981.1
rel. change during last iteration : -2.83812e-11

degrees of freedom    (FIT_NDF)                        : 99
rms of residuals      (FIT_STDFIT) = sqrt(WSSR/ndf)    : 8.9787
variance of residuals (reduced chisquare) = WSSR/ndf   : 80.6171

Final set of parameters            Asymptotic Standard Error
=======================            ==========================
a               = 5.20283e-06      +/- 1.868e-08    (0.359%)


*******************************************************************************
Sat May 14 03:21:50 2022


FIT:    data read from "QRGS_timing.txt" using 1:2
        format = x:z
        #datapoints = 100
        residuals are weighted equally (unit weight)

function used for fitting: f(x)
	f(x) = a*x*x*x
fitted parameters initialized with current variable values

iter      chisq       delta/lim  lambda   a            
   0 2.3110250332e+17   0.00e+00  4.81e+07    1.000000e+00
   4 7.9810952431e+03  -2.84e-06  4.81e+03    5.202833e-06

After 4 iterations the fit converged.
final sum of squares of residuals : 7981.1
rel. change during last iteration : -2.83812e-11

degrees of freedom    (FIT_NDF)                        : 99
rms of residuals      (FIT_STDFIT) = sqrt(WSSR/ndf)    : 8.9787
variance of residuals (reduced chisquare) = WSSR/ndf   : 80.6171

Final set of parameters            Asymptotic Standard Error
=======================            ==========================
a               = 5.20283e-06      +/- 1.868e-08    (0.359%)


*******************************************************************************
Sat May 14 03:22:23 2022


FIT:    data read from "QRGS_timing.txt" using 1:2
        format = x:z
        #datapoints = 100
        residuals are weighted equally (unit weight)

function used for fitting: f(x)
	f(x) = a*x*x*x
fitted parameters initialized with current variable values

iter      chisq       delta/lim  lambda   a            
   0 2.3110250332e+17   0.00e+00  4.81e+07    1.000000e+00
   4 7.9810952431e+03  -2.84e-06  4.81e+03    5.202833e-06

After 4 iterations the fit converged.
final sum of squares of residuals : 7981.1
rel. change during last iteration : -2.83812e-11

degrees of freedom    (FIT_NDF)                        : 99
rms of residuals      (FIT_STDFIT) = sqrt(WSSR/ndf)    : 8.9787
variance of residuals (reduced chisquare) = WSSR/ndf   : 80.6171

Final set of parameters            Asymptotic Standard Error
=======================            ==========================
a               = 5.20283e-06      +/- 1.868e-08    (0.359%)


*******************************************************************************
Sat May 14 03:30:33 2022


FIT:    data read from "QRGS_timing.txt" using 1:2
        format = x:z
        #datapoints = 100
        residuals are weighted equally (unit weight)

function used for fitting: f(x)
	f(x) = a*x*x*x
fitted parameters initialized with current variable values

iter      chisq       delta/lim  lambda   a            
   0 2.3110250332e+17   0.00e+00  4.81e+07    1.000000e+00
   4 7.9810952431e+03  -2.84e-06  4.81e+03    5.202833e-06

After 4 iterations the fit converged.
final sum of squares of residuals : 7981.1
rel. change during last iteration : -2.83812e-11

degrees of freedom    (FIT_NDF)                        : 99
rms of residuals      (FIT_STDFIT) = sqrt(WSSR/ndf)    : 8.9787
variance of residuals (reduced chisquare) = WSSR/ndf   : 80.6171

Final set of parameters            Asymptotic Standard Error
=======================            ==========================
a               = 5.20283e-06      +/- 1.868e-08    (0.359%)


*******************************************************************************
Sun May 15 21:29:56 2022


FIT:    data read from "QRGS_timing.txt" using 1:2
        format = x:z
        #datapoints = 100
        residuals are weighted equally (unit weight)

function used for fitting: f(x)
	f(x) = a*x*x*x
fitted parameters initialized with current variable values

iter      chisq       delta/lim  lambda   a            
   0 2.3110215394e+17   0.00e+00  4.81e+07    1.000000e+00
   4 3.1079069071e+05  -7.29e-08  4.81e+03    5.958723e-06

After 4 iterations the fit converged.
final sum of squares of residuals : 310791
rel. change during last iteration : -7.28554e-13

degrees of freedom    (FIT_NDF)                        : 99
rms of residuals      (FIT_STDFIT) = sqrt(WSSR/ndf)    : 56.0295
variance of residuals (reduced chisquare) = WSSR/ndf   : 3139.3

Final set of parameters            Asymptotic Standard Error
=======================            ==========================
a               = 5.95872e-06      +/- 1.165e-07    (1.956%)


*******************************************************************************
Mon May 16 10:21:08 2022


FIT:    data read from "QRGS_timing.txt" using 1:2
        format = x:z
        #datapoints = 100
        residuals are weighted equally (unit weight)

function used for fitting: f(x)
	f(x) = a*x*x*x
fitted parameters initialized with current variable values

iter      chisq       delta/lim  lambda   a            
   0 2.3110215394e+17   0.00e+00  4.81e+07    1.000000e+00
   4 3.1079069071e+05  -7.29e-08  4.81e+03    5.958723e-06

After 4 iterations the fit converged.
final sum of squares of residuals : 310791
rel. change during last iteration : -7.28554e-13

degrees of freedom    (FIT_NDF)                        : 99
rms of residuals      (FIT_STDFIT) = sqrt(WSSR/ndf)    : 56.0295
variance of residuals (reduced chisquare) = WSSR/ndf   : 3139.3

Final set of parameters            Asymptotic Standard Error
=======================            ==========================
a               = 5.95872e-06      +/- 1.165e-07    (1.956%)


*******************************************************************************
Mon May 16 10:21:40 2022


FIT:    data read from "QRGS_timing.txt" using 1:2
        format = x:z
        #datapoints = 100
        residuals are weighted equally (unit weight)

function used for fitting: f(x)
	f(x) = a*x*x*x
fitted parameters initialized with current variable values

iter      chisq       delta/lim  lambda   a            
   0 2.3110241044e+17   0.00e+00  4.81e+07    1.000000e+00
   4 5.9730852684e+03  -3.79e-06  4.81e+03    5.403782e-06

After 4 iterations the fit converged.
final sum of squares of residuals : 5973.09
rel. change during last iteration : -3.79213e-11

degrees of freedom    (FIT_NDF)                        : 99
rms of residuals      (FIT_STDFIT) = sqrt(WSSR/ndf)    : 7.76751
variance of residuals (reduced chisquare) = WSSR/ndf   : 60.3342

Final set of parameters            Asymptotic Standard Error
=======================            ==========================
a               = 5.40378e-06      +/- 1.616e-08    (0.299%)
